<?xml version="1.0" encoding="UTF-8"?>
<testsuite name="com.geektrust.IntegrationTest" tests="2" skipped="0" failures="0" errors="0" timestamp="2020-08-03T14:13:58" hostname="praveen-Inspiron-15-3567" time="0.058">
  <properties/>
  <testcase name="shouldGiveNone()" classname="com.geektrust.IntegrationTest" time="0.053"/>
  <testcase name="shouldGiveAlliance()" classname="com.geektrust.IntegrationTest" time="0.004"/>
  <system-out><![CDATA[]]></system-out>
  <system-err><![CDATA[]]></system-err>
</testsuite>
