<?xml version="1.0" encoding="UTF-8"?>
<testsuite name="com.geektrust.VerifierTest" tests="2" skipped="0" failures="0" errors="0" timestamp="2020-08-03T14:13:58" hostname="praveen-Inspiron-15-3567" time="0.006">
  <properties/>
  <testcase name="matchCharsShouldReturnFalse()" classname="com.geektrust.VerifierTest" time="0.002"/>
  <testcase name="matchCharsShouldReturnTrue()" classname="com.geektrust.VerifierTest" time="0.002"/>
  <system-out><![CDATA[]]></system-out>
  <system-err><![CDATA[]]></system-err>
</testsuite>
