<?xml version="1.0" encoding="UTF-8"?>
<testsuite name="com.geektrust.cipher.EncryptorTest" tests="2" skipped="0" failures="0" errors="0" timestamp="2020-08-03T14:13:58" hostname="praveen-Inspiron-15-3567" time="0.004">
  <properties/>
  <testcase name="shouldGetSameMessage()" classname="com.geektrust.cipher.EncryptorTest" time="0.001"/>
  <testcase name="shouldGetEncryptedMessage()" classname="com.geektrust.cipher.EncryptorTest" time="0.001"/>
  <system-out><![CDATA[]]></system-out>
  <system-err><![CDATA[]]></system-err>
</testsuite>
